Base path: E:/unity2017.3/Editor/Data
Cmd: initializeCompiler
Cmd: preprocess
  insize=1520 outsize=367 ok=1
Cmd: preprocess
  insize=2731 outsize=452 ok=1
Cmd: preprocess
  insize=1535 outsize=368 ok=1
Cmd: preprocess
  insize=1509 outsize=348 ok=1
Cmd: preprocess
  insize=1498 outsize=292 ok=1
Cmd: preprocess
  insize=2750 outsize=453 ok=1
Cmd: preprocess
  insize=1298 outsize=304 ok=1
Cmd: preprocess
  insize=20812 outsize=2841 ok=1
Cmd: preprocess
  insize=1738 outsize=403 ok=1
Cmd: preprocess
  insize=1290 outsize=296 ok=1
Cmd: preprocess
  insize=1292 outsize=477 ok=1
Cmd: preprocess
  insize=1396 outsize=326 ok=1
Cmd: preprocess
  insize=3078 outsize=304 ok=1
Cmd: preprocess
  insize=1514 outsize=362 ok=1
Cmd: preprocess
  insize=1666 outsize=376 ok=1
Cmd: preprocess
  insize=6536 outsize=3109 ok=1
Cmd: preprocess
  insize=2067 outsize=460 ok=1
Cmd: preprocess
  insize=2125 outsize=456 ok=1
Cmd: preprocess
  insize=4028 outsize=2406 ok=1
Cmd: preprocess
  insize=1766 outsize=430 ok=1
Cmd: preprocess
  insize=1156 outsize=299 ok=1
Cmd: preprocess
  insize=20294 outsize=3035 ok=1
Cmd: preprocess
  insize=1674 outsize=417 ok=1
Cmd: preprocess
  insize=219 outsize=219 ok=1
Cmd: preprocess
  insize=1539 outsize=366 ok=1
Cmd: preprocess
  insize=2411 outsize=905 ok=1
Cmd: preprocess
  insize=1603 outsize=379 ok=1
Cmd: preprocess
  insize=2058 outsize=452 ok=1
Cmd: preprocess
  insize=1469 outsize=297 ok=1
Cmd: compileComputeKernel
  api=4 insize=2057 outsize=1517 ok=1
Cmd: preprocess
  insize=1663 outsize=546 ok=1
Cmd: preprocess
  insize=1392 outsize=322 ok=1
Cmd: preprocess
  insize=1396 outsize=326 ok=1
Cmd: preprocess
  insize=2103 outsize=452 ok=1
Cmd: preprocess
  insize=1392 outsize=322 ok=1
Cmd: preprocess
  insize=1521 outsize=362 ok=1
Cmd: preprocess
  insize=1519 outsize=361 ok=1
Cmd: preprocess
  insize=2980 outsize=945 ok=1
Cmd: preprocess
  insize=1877 outsize=465 ok=1
Cmd: preprocess
  insize=1394 outsize=324 ok=1
Cmd: preprocess
  insize=2207 outsize=374 ok=1
Cmd: preprocess
  insize=1601 outsize=376 ok=1
Cmd: preprocess
  insize=2420 outsize=532 ok=1
Cmd: preprocess
  insize=3698 outsize=2355 ok=1
Cmd: preprocess
  insize=1389 outsize=325 ok=1
Cmd: preprocess
  insize=11491 outsize=935 ok=1
Cmd: preprocess
  insize=2080 outsize=943 ok=1
Cmd: preprocess
  insize=1396 outsize=326 ok=1
Cmd: preprocess
  insize=2611 outsize=632 ok=1
Cmd: preprocess
  insize=1401 outsize=329 ok=1
Cmd: preprocess
  insize=1578 outsize=417 ok=1
Cmd: preprocess
  insize=1634 outsize=394 ok=1
Cmd: preprocess
  insize=1521 outsize=218 ok=1
Cmd: preprocess
  insize=1603 outsize=378 ok=1
Cmd: preprocess
  insize=1539 outsize=375 ok=1
Cmd: compileComputeKernel
  api=4 insize=774 outsize=829 ok=1
Cmd: preprocess
  insize=1565 outsize=409 ok=1
Cmd: preprocess
  insize=6694 outsize=3813 ok=1
Cmd: compileComputeKernel
  api=4 insize=2778 outsize=47805 ok=1
Cmd: compileComputeKernel
  api=4 insize=7328 outsize=9677 ok=1
Cmd: preprocess
  insize=746 outsize=218 ok=1
Cmd: preprocess
  insize=1664 outsize=403 ok=1
Cmd: preprocess
  insize=2122 outsize=374 ok=1
Cmd: preprocess
  insize=2054 outsize=530 ok=1
Cmd: preprocess
  insize=10819 outsize=213 ok=1
Cmd: preprocess
  insize=826 outsize=271 ok=1
Cmd: preprocess
  insize=1396 outsize=325 ok=1
Cmd: preprocess
  insize=12350 outsize=4151 ok=1
Cmd: preprocess
  insize=4260 outsize=2617 ok=1
Cmd: preprocess
  insize=1418 outsize=336 ok=1
Cmd: preprocess
  insize=1142 outsize=295 ok=1
Cmd: preprocess
  insize=1893 outsize=465 ok=1
Cmd: preprocess
  insize=480 outsize=480 ok=1
Cmd: preprocess
  insize=1147 outsize=289 ok=1
Cmd: preprocess
  insize=1802 outsize=303 ok=1
Cmd: preprocess
  insize=1882 outsize=469 ok=1
Cmd: compileComputeKernel
  api=4 insize=5004 outsize=3733 ok=1
Cmd: preprocess
  insize=1398 outsize=326 ok=1
Cmd: preprocess
  insize=1686 outsize=307 ok=1
Cmd: preprocess
  insize=1759 outsize=435 ok=1
Cmd: preprocess
  insize=1256 outsize=366 ok=1
Cmd: preprocess
  insize=1512 outsize=359 ok=1
Cmd: preprocess
  insize=1631 outsize=395 ok=1
Cmd: preprocess
  insize=5256 outsize=2470 ok=1
Cmd: preprocess
  insize=22382 outsize=3536 ok=1
Cmd: preprocess
  insize=2476 outsize=831 ok=1
Cmd: preprocess
  insize=1234 outsize=297 ok=1
Cmd: compileComputeKernel
  api=4 insize=2349 outsize=2561 ok=1
Cmd: preprocess
  insize=1541 outsize=377 ok=1
Cmd: preprocess
  insize=6092 outsize=364 ok=1
Cmd: preprocess
  insize=1387 outsize=323 ok=1
Cmd: preprocess
  insize=1639 outsize=395 ok=1
Cmd: preprocess
  insize=1592 outsize=377 ok=1
Cmd: preprocess
  insize=1636 outsize=400 ok=1
Cmd: preprocess
  insize=597 outsize=217 ok=1
Cmd: preprocess
  insize=1656 outsize=350 ok=1
Cmd: preprocess
  insize=1659 outsize=297 ok=1
Cmd: preprocess
  insize=1546 outsize=379 ok=1
Cmd: preprocess
  insize=1199 outsize=277 ok=1
Cmd: preprocess
  insize=15005 outsize=7287 ok=1
Cmd: preprocess
  insize=1392 outsize=323 ok=1
Cmd: preprocess
  insize=1249 outsize=290 ok=1
Cmd: preprocess
  insize=6724 outsize=2013 ok=1
Cmd: preprocess
  insize=1463 outsize=322 ok=1
Cmd: preprocess
  insize=44227 outsize=6754 ok=1
Cmd: preprocess
  insize=2542 outsize=589 ok=1
Cmd: preprocess
  insize=1592 outsize=404 ok=1
Cmd: preprocess
  insize=1392 outsize=323 ok=1
Cmd: preprocess
  insize=1291 outsize=297 ok=1
Cmd: compileComputeKernel
  api=4 insize=9164 outsize=8529 ok=1
Cmd: preprocess
  insize=1597 outsize=379 ok=1
Cmd: preprocess
  insize=1512 outsize=359 ok=1
Cmd: preprocess
  insize=4443 outsize=420 ok=1
Cmd: preprocess
  insize=1395 outsize=326 ok=1
Cmd: preprocess
  insize=1131 outsize=1131 ok=1
Cmd: preprocess
  insize=1541 outsize=376 ok=1
Cmd: preprocess
  insize=20281 outsize=4284 ok=1
Cmd: preprocess
  insize=2175 outsize=586 ok=1
Cmd: preprocess
  insize=1404 outsize=329 ok=1
Cmd: preprocess
  insize=3209 outsize=789 ok=1
Cmd: preprocess
  insize=1549 outsize=379 ok=1
Cmd: preprocess
  insize=1559 outsize=398 ok=1
Cmd: preprocess
  insize=1512 outsize=360 ok=1
Cmd: preprocess
  insize=1405 outsize=329 ok=1
Cmd: preprocess
  insize=1564 outsize=378 ok=1
Cmd: preprocess
  insize=2736 outsize=456 ok=1
Cmd: preprocess
  insize=1398 outsize=328 ok=1
Cmd: compileComputeKernel
  api=4 insize=5433 outsize=6445 ok=1
Cmd: preprocess
  insize=1997 outsize=505 ok=1
Cmd: preprocess
  insize=25947 outsize=6060 ok=1
Cmd: preprocess
  insize=1532 outsize=360 ok=1
Cmd: preprocess
  insize=1496 outsize=663 ok=1
Cmd: preprocess
  insize=1394 outsize=324 ok=1
Cmd: preprocess
  insize=1099 outsize=282 ok=1
Cmd: preprocess
  insize=2754 outsize=456 ok=1
Cmd: preprocess
  insize=1542 outsize=882 ok=1
Cmd: preprocess
  insize=1595 outsize=679 ok=1
Cmd: preprocess
  insize=1172 outsize=297 ok=1
Cmd: preprocess
  insize=5439 outsize=1531 ok=1
Cmd: preprocess
  insize=1556 outsize=371 ok=1
Cmd: preprocess
  insize=1520 outsize=363 ok=1
Cmd: preprocess
  insize=7150 outsize=397 ok=1
Cmd: preprocess
  insize=1507 outsize=359 ok=1
Cmd: preprocess
  insize=2778 outsize=906 ok=1
Cmd: preprocess
  insize=10188 outsize=4664 ok=1
Cmd: preprocess
  insize=13469 outsize=6263 ok=1
Cmd: preprocess
  insize=1401 outsize=327 ok=1
Cmd: preprocess
  insize=1521 outsize=361 ok=1
Cmd: preprocess
  insize=2404 outsize=1061 ok=1
Cmd: preprocess
  insize=1478 outsize=296 ok=1
Cmd: preprocess
  insize=1565 outsize=381 ok=1
Cmd: preprocess
  insize=1392 outsize=323 ok=1
Cmd: preprocess
  insize=2071 outsize=456 ok=1
Cmd: preprocess
  insize=2243 outsize=378 ok=1
Cmd: preprocess
  insize=23328 outsize=3622 ok=1
Cmd: preprocess
  insize=1032 outsize=307 ok=1
Cmd: preprocess
  insize=1754 outsize=429 ok=1
Cmd: preprocess
  insize=1543 outsize=367 ok=1
Cmd: preprocess
  insize=1392 outsize=323 ok=1
Cmd: preprocess
  insize=1707 outsize=475 ok=1
Cmd: preprocess
  insize=1682 outsize=475 ok=1
Cmd: preprocess
  insize=2129 outsize=452 ok=1
Cmd: compileComputeKernel
  api=4 insize=2865 outsize=1329 ok=1
Cmd: preprocess
  insize=1555 outsize=375 ok=1
Cmd: preprocess
  insize=1554 outsize=376 ok=1
Cmd: preprocess
  insize=1257 outsize=301 ok=1
Cmd: compileComputeKernel
  api=4 insize=1804 outsize=1389 ok=1
Cmd: preprocess
  insize=1725 outsize=932 ok=1
Cmd: preprocess
  insize=1347 outsize=347 ok=1
Cmd: preprocess
  insize=1644 outsize=403 ok=1
Cmd: preprocess
  insize=1652 outsize=586 ok=1
Cmd: preprocess
  insize=1148 outsize=299 ok=1
Cmd: preprocess
  insize=2124 outsize=456 ok=1
Cmd: preprocess
  insize=1670 outsize=419 ok=1
Cmd: preprocess
  insize=1536 outsize=367 ok=1
Cmd: preprocess
  insize=1518 outsize=361 ok=1
Cmd: preprocess
  insize=1715 outsize=475 ok=1
Cmd: preprocess
  insize=1975 outsize=470 ok=1
Cmd: preprocess
  insize=2352 outsize=857 ok=1
Cmd: preprocess
  insize=1396 outsize=325 ok=1
Cmd: preprocess
  insize=1396 outsize=325 ok=1
Cmd: preprocess
  insize=1518 outsize=530 ok=1
Cmd: preprocess
  insize=1396 outsize=327 ok=1
Cmd: preprocess
  insize=1179 outsize=300 ok=1
Cmd: preprocess
  insize=2752 outsize=453 ok=1
Cmd: preprocess
  insize=1321 outsize=295 ok=1
Cmd: preprocess
  insize=1049 outsize=303 ok=1
Cmd: preprocess
  insize=1387 outsize=323 ok=1
Cmd: preprocess
  insize=1525 outsize=369 ok=1
Cmd: preprocess
  insize=1606 outsize=222 ok=1
Cmd: preprocess
  insize=1584 outsize=377 ok=1
Cmd: preprocess
  insize=6613 outsize=3622 ok=1
Cmd: preprocess
  insize=1398 outsize=328 ok=1
Cmd: preprocess
  insize=2753 outsize=457 ok=1
Cmd: preprocess
  insize=1546 outsize=369 ok=1
Cmd: preprocess
  insize=2048 outsize=378 ok=1
Cmd: preprocess
  insize=3571 outsize=223 ok=1
Cmd: preprocess
  insize=1402 outsize=330 ok=1
Cmd: preprocess
  insize=2756 outsize=457 ok=1
Cmd: preprocess
  insize=1699 outsize=475 ok=1
Cmd: preprocess
  insize=11915 outsize=996 ok=1
Cmd: preprocess
  insize=1394 outsize=324 ok=1
Cmd: preprocess
  insize=2702 outsize=1786 ok=1
Cmd: preprocess
  insize=5713 outsize=682 ok=1
Cmd: preprocess
  insize=2639 outsize=587 ok=1
Cmd: preprocess
  insize=1592 outsize=421 ok=1
Cmd: preprocess
  insize=1996 outsize=449 ok=1
Cmd: preprocess
  insize=5908 outsize=1251 ok=1
Cmd: preprocess
  insize=1468 outsize=299 ok=1
Cmd: preprocess
  insize=1511 outsize=363 ok=1
Cmd: preprocess
  insize=1544 outsize=378 ok=1
Cmd: preprocess
  insize=7823 outsize=5796 ok=1
Cmd: preprocess
  insize=2613 outsize=943 ok=1
Cmd: preprocess
  insize=1766 outsize=430 ok=1
Cmd: preprocess
  insize=1368 outsize=303 ok=1
Cmd: preprocess
  insize=1543 outsize=376 ok=1
Cmd: preprocess
  insize=1121 outsize=390 ok=1
Cmd: preprocess
  insize=1416 outsize=334 ok=1
Cmd: preprocess
  insize=1878 outsize=905 ok=1
Cmd: preprocess
  insize=1392 outsize=323 ok=1
Cmd: preprocess
  insize=1385 outsize=305 ok=1
Cmd: preprocess
  insize=2566 outsize=548 ok=1
Cmd: preprocess
  insize=435 outsize=435 ok=1
Cmd: preprocess
  insize=1778 outsize=453 ok=1
Cmd: preprocess
  insize=1893 outsize=464 ok=1
Cmd: preprocess
  insize=1512 outsize=358 ok=1
Cmd: preprocess
  insize=1504 outsize=327 ok=1
Cmd: preprocess
  insize=1540 outsize=371 ok=1
Cmd: preprocess
  insize=3070 outsize=1373 ok=1
Cmd: preprocess
  insize=1791 outsize=328 ok=1
Cmd: preprocess
  insize=3632 outsize=364 ok=1
Cmd: preprocess
  insize=2761 outsize=460 ok=1
Cmd: preprocess
  insize=24974 outsize=5147 ok=1
Cmd: compileComputeKernel
  api=4 insize=1452 outsize=1461 ok=1
Cmd: preprocess
  insize=1538 outsize=370 ok=1
Cmd: preprocess
  insize=1557 outsize=561 ok=1
Cmd: preprocess
  insize=4004 outsize=2324 ok=1
Cmd: preprocess
  insize=1031 outsize=239 ok=1
Cmd: compileComputeKernel
  api=4 insize=1633 outsize=1013 ok=1
Cmd: preprocess
  insize=12577 outsize=5362 ok=1
Cmd: preprocess
  insize=1503 outsize=894 ok=1
Cmd: preprocess
  insize=1522 outsize=362 ok=1
Cmd: preprocess
  insize=1394 outsize=324 ok=1
Cmd: preprocess
  insize=6033 outsize=3624 ok=1
Cmd: preprocess
  insize=1652 outsize=406 ok=1
Cmd: preprocess
  insize=1696 outsize=296 ok=1
Cmd: preprocess
  insize=1558 outsize=939 ok=1
Cmd: preprocess
  insize=1377 outsize=542 ok=1
Cmd: preprocess
  insize=1547 outsize=379 ok=1
Cmd: preprocess
  insize=1542 outsize=375 ok=1
Cmd: preprocess
  insize=1380 outsize=303 ok=1
Cmd: preprocess
  insize=2054 outsize=456 ok=1
Cmd: preprocess
  insize=1324 outsize=537 ok=1
Cmd: preprocess
  insize=1081 outsize=295 ok=1
Cmd: preprocess
  insize=2199 outsize=546 ok=1
Cmd: preprocess
  insize=1639 outsize=395 ok=1
Cmd: preprocess
  insize=1508 outsize=359 ok=1
Cmd: preprocess
  insize=1396 outsize=324 ok=1
Cmd: preprocess
  insize=1741 outsize=456 ok=1
Cmd: preprocess
  insize=3924 outsize=374 ok=1
Cmd: preprocess
  insize=2609 outsize=220 ok=1
Cmd: preprocess
  insize=1751 outsize=981 ok=1
Cmd: preprocess
  insize=1979 outsize=735 ok=1
Cmd: preprocess
  insize=1554 outsize=377 ok=1
Cmd: preprocess
  insize=1332 outsize=294 ok=1
Cmd: preprocess
  insize=1803 outsize=459 ok=1
Cmd: preprocess
  insize=1344 outsize=291 ok=1
Cmd: preprocess
  insize=1513 outsize=365 ok=1
Cmd: preprocess
  insize=1329 outsize=309 ok=1
Cmd: preprocess
  insize=1520 outsize=367 ok=1
Cmd: preprocess
  insize=2731 outsize=452 ok=1
Cmd: preprocess
  insize=1535 outsize=368 ok=1
Cmd: preprocess
  insize=1509 outsize=348 ok=1
Cmd: preprocess
  insize=1498 outsize=292 ok=1
Cmd: preprocess
  insize=2750 outsize=453 ok=1
Cmd: preprocess
  insize=1298 outsize=304 ok=1
Cmd: preprocess
  insize=20812 outsize=2841 ok=1
Cmd: preprocess
  insize=1738 outsize=403 ok=1
Cmd: preprocess
  insize=1290 outsize=296 ok=1
Cmd: preprocess
  insize=1292 outsize=477 ok=1
Cmd: preprocess
  insize=1396 outsize=326 ok=1
Cmd: preprocess
  insize=3078 outsize=304 ok=1
Cmd: preprocess
  insize=1514 outsize=362 ok=1
Cmd: preprocess
  insize=1666 outsize=376 ok=1
Cmd: preprocess
  insize=6536 outsize=3109 ok=1
Cmd: preprocess
  insize=2067 outsize=460 ok=1
Cmd: preprocess
  insize=2125 outsize=456 ok=1
Cmd: preprocess
  insize=4028 outsize=2406 ok=1
Cmd: preprocess
  insize=1766 outsize=430 ok=1
Cmd: preprocess
  insize=1156 outsize=299 ok=1
Cmd: preprocess
  insize=20294 outsize=3035 ok=1
Cmd: preprocess
  insize=1674 outsize=417 ok=1
Cmd: preprocess
  insize=219 outsize=219 ok=1
Cmd: preprocess
  insize=1539 outsize=366 ok=1
Cmd: preprocess
  insize=2411 outsize=905 ok=1
Cmd: preprocess
  insize=1603 outsize=379 ok=1
Cmd: preprocess
  insize=2058 outsize=452 ok=1
Cmd: preprocess
  insize=1469 outsize=297 ok=1
Cmd: compileComputeKernel
  api=4 insize=2057 outsize=1517 ok=1
Cmd: preprocess
  insize=1663 outsize=546 ok=1
Cmd: preprocess
  insize=1392 outsize=322 ok=1
Cmd: preprocess
  insize=1396 outsize=326 ok=1
Cmd: preprocess
  insize=2103 outsize=452 ok=1
Cmd: preprocess
  insize=1392 outsize=322 ok=1
Cmd: preprocess
  insize=1521 outsize=362 ok=1
Cmd: preprocess
  insize=1519 outsize=361 ok=1
Cmd: preprocess
  insize=2980 outsize=945 ok=1
Cmd: preprocess
  insize=1877 outsize=465 ok=1
Cmd: preprocess
  insize=1394 outsize=324 ok=1
Cmd: preprocess
  insize=2207 outsize=374 ok=1
Cmd: preprocess
  insize=1601 outsize=376 ok=1
Cmd: preprocess
  insize=2420 outsize=532 ok=1
Cmd: preprocess
  insize=3698 outsize=2355 ok=1
Cmd: preprocess
  insize=1389 outsize=325 ok=1
Cmd: preprocess
  insize=11491 outsize=935 ok=1
Cmd: preprocess
  insize=2080 outsize=943 ok=1
Cmd: preprocess
  insize=1396 outsize=326 ok=1
Cmd: preprocess
  insize=2611 outsize=632 ok=1
Cmd: preprocess
  insize=1401 outsize=329 ok=1
Cmd: preprocess
  insize=1578 outsize=417 ok=1
Cmd: preprocess
  insize=1634 outsize=394 ok=1
Cmd: preprocess
  insize=1521 outsize=218 ok=1
Cmd: preprocess
  insize=1603 outsize=378 ok=1
Cmd: preprocess
  insize=1539 outsize=375 ok=1
Cmd: compileComputeKernel
  api=4 insize=774 outsize=829 ok=1
Cmd: preprocess
  insize=1565 outsize=409 ok=1
Cmd: preprocess
  insize=6694 outsize=3813 ok=1
Cmd: compileComputeKernel
  api=4 insize=2778 outsize=47805 ok=1
Cmd: compileComputeKernel
  api=4 insize=7328 outsize=9677 ok=1
Cmd: preprocess
  insize=746 outsize=218 ok=1
Cmd: preprocess
  insize=1664 outsize=403 ok=1
Cmd: preprocess
  insize=2122 outsize=374 ok=1
Cmd: preprocess
  insize=2054 outsize=530 ok=1
Cmd: preprocess
  insize=10819 outsize=213 ok=1
Cmd: preprocess
  insize=826 outsize=271 ok=1
Cmd: preprocess
  insize=1396 outsize=325 ok=1
Cmd: preprocess
  insize=12350 outsize=4151 ok=1
Cmd: preprocess
  insize=4260 outsize=2617 ok=1
Cmd: preprocess
  insize=1418 outsize=336 ok=1
Cmd: preprocess
  insize=1142 outsize=295 ok=1
Cmd: preprocess
  insize=1893 outsize=465 ok=1
Cmd: preprocess
  insize=480 outsize=480 ok=1
Cmd: preprocess
  insize=1147 outsize=289 ok=1
Cmd: preprocess
  insize=1802 outsize=303 ok=1
Cmd: preprocess
  insize=1882 outsize=469 ok=1
Cmd: compileComputeKernel
  api=4 insize=5004 outsize=3733 ok=1
Cmd: preprocess
  insize=1398 outsize=326 ok=1
Cmd: preprocess
  insize=1686 outsize=307 ok=1
Cmd: preprocess
  insize=1759 outsize=435 ok=1
Cmd: preprocess
  insize=1256 outsize=366 ok=1
Cmd: preprocess
  insize=1512 outsize=359 ok=1
Cmd: preprocess
  insize=1631 outsize=395 ok=1
Cmd: preprocess
  insize=5256 outsize=2470 ok=1
Cmd: preprocess
  insize=22382 outsize=3536 ok=1
Cmd: preprocess
  insize=2476 outsize=831 ok=1
Cmd: preprocess
  insize=1234 outsize=297 ok=1
Cmd: compileComputeKernel
  api=4 insize=2349 outsize=2561 ok=1
Cmd: preprocess
  insize=1541 outsize=377 ok=1
Cmd: preprocess
  insize=6092 outsize=364 ok=1
Cmd: preprocess
  insize=1387 outsize=323 ok=1
Cmd: preprocess
  insize=1639 outsize=395 ok=1
Cmd: preprocess
  insize=1592 outsize=377 ok=1
Cmd: preprocess
  insize=1636 outsize=400 ok=1
Cmd: preprocess
  insize=597 outsize=217 ok=1
Cmd: preprocess
  insize=1656 outsize=350 ok=1
Cmd: preprocess
  insize=1659 outsize=297 ok=1
Cmd: preprocess
  insize=1546 outsize=379 ok=1
Cmd: preprocess
  insize=1199 outsize=277 ok=1
Cmd: preprocess
  insize=15005 outsize=7287 ok=1
Cmd: preprocess
  insize=1392 outsize=323 ok=1
Cmd: preprocess
  insize=1249 outsize=290 ok=1
Cmd: preprocess
  insize=6724 outsize=2013 ok=1
Cmd: preprocess
  insize=1463 outsize=322 ok=1
Cmd: preprocess
  insize=44227 outsize=6754 ok=1
Cmd: preprocess
  insize=2542 outsize=589 ok=1
Cmd: preprocess
  insize=1592 outsize=404 ok=1
Cmd: preprocess
  insize=1392 outsize=323 ok=1
Cmd: preprocess
  insize=1291 outsize=297 ok=1
Cmd: compileComputeKernel
  api=4 insize=9164 outsize=8529 ok=1
Cmd: preprocess
  insize=1597 outsize=379 ok=1
Cmd: preprocess
  insize=1512 outsize=359 ok=1
Cmd: preprocess
  insize=4443 outsize=420 ok=1
Cmd: preprocess
  insize=1395 outsize=326 ok=1
Cmd: preprocess
  insize=1131 outsize=1131 ok=1
Cmd: preprocess
  insize=1541 outsize=376 ok=1
Cmd: preprocess
  insize=20281 outsize=4284 ok=1
Cmd: preprocess
  insize=2175 outsize=586 ok=1
Cmd: preprocess
  insize=1404 outsize=329 ok=1
Cmd: preprocess
  insize=3209 outsize=789 ok=1
Cmd: preprocess
  insize=1549 outsize=379 ok=1
Cmd: preprocess
  insize=1559 outsize=398 ok=1
Cmd: preprocess
  insize=1512 outsize=360 ok=1
Cmd: preprocess
  insize=1405 outsize=329 ok=1
Cmd: preprocess
  insize=1564 outsize=378 ok=1
Cmd: preprocess
  insize=2736 outsize=456 ok=1
Cmd: preprocess
  insize=1398 outsize=328 ok=1
Cmd: compileComputeKernel
  api=4 insize=5433 outsize=6445 ok=1
Cmd: preprocess
  insize=1997 outsize=505 ok=1
Cmd: preprocess
  insize=25947 outsize=6060 ok=1
Cmd: preprocess
  insize=1532 outsize=360 ok=1
Cmd: preprocess
  insize=1496 outsize=663 ok=1
Cmd: preprocess
  insize=1394 outsize=324 ok=1
Cmd: preprocess
  insize=1099 outsize=282 ok=1
Cmd: preprocess
  insize=2754 outsize=456 ok=1
Cmd: preprocess
  insize=1542 outsize=882 ok=1
Cmd: preprocess
  insize=1595 outsize=679 ok=1
Cmd: preprocess
  insize=1172 outsize=297 ok=1
Cmd: preprocess
  insize=5439 outsize=1531 ok=1
Cmd: preprocess
  insize=1556 outsize=371 ok=1
Cmd: preprocess
  insize=1520 outsize=363 ok=1
Cmd: preprocess
  insize=7150 outsize=397 ok=1
Cmd: preprocess
  insize=1507 outsize=359 ok=1
Cmd: preprocess
  insize=2778 outsize=906 ok=1
Cmd: preprocess
  insize=10188 outsize=4664 ok=1
Cmd: preprocess
  insize=13469 outsize=6263 ok=1
Cmd: preprocess
  insize=1401 outsize=327 ok=1
Cmd: preprocess
  insize=1521 outsize=361 ok=1
Cmd: preprocess
  insize=2404 outsize=1061 ok=1
Cmd: preprocess
  insize=1478 outsize=296 ok=1
Cmd: preprocess
  insize=1565 outsize=381 ok=1
Cmd: preprocess
  insize=1392 outsize=323 ok=1
Cmd: preprocess
  insize=2071 outsize=456 ok=1
Cmd: preprocess
  insize=2243 outsize=378 ok=1
Cmd: preprocess
  insize=23328 outsize=3622 ok=1
Cmd: preprocess
  insize=1032 outsize=307 ok=1
Cmd: preprocess
  insize=1754 outsize=429 ok=1
Cmd: preprocess
  insize=1543 outsize=367 ok=1
Cmd: preprocess
  insize=1392 outsize=323 ok=1
Cmd: preprocess
  insize=1707 outsize=475 ok=1
Cmd: preprocess
  insize=1682 outsize=475 ok=1
Cmd: preprocess
  insize=2129 outsize=452 ok=1
Cmd: compileComputeKernel
  api=4 insize=2865 outsize=1329 ok=1
Cmd: preprocess
  insize=1555 outsize=375 ok=1
Cmd: preprocess
  insize=1554 outsize=376 ok=1
Cmd: preprocess
  insize=1257 outsize=301 ok=1
Cmd: compileComputeKernel
  api=4 insize=1804 outsize=1389 ok=1
Cmd: preprocess
  insize=1725 outsize=932 ok=1
Cmd: preprocess
  insize=1347 outsize=347 ok=1
Cmd: preprocess
  insize=1644 outsize=403 ok=1
Cmd: preprocess
  insize=1652 outsize=586 ok=1
Cmd: preprocess
  insize=1148 outsize=299 ok=1
Cmd: preprocess
  insize=2124 outsize=456 ok=1
Cmd: preprocess
  insize=1670 outsize=419 ok=1
Cmd: preprocess
  insize=1536 outsize=367 ok=1
Cmd: preprocess
  insize=1518 outsize=361 ok=1
Cmd: preprocess
  insize=1715 outsize=475 ok=1
Cmd: preprocess
  insize=1975 outsize=470 ok=1
Cmd: preprocess
  insize=2352 outsize=857 ok=1
Cmd: preprocess
  insize=1396 outsize=325 ok=1
Cmd: preprocess
  insize=1396 outsize=325 ok=1
Cmd: preprocess
  insize=1518 outsize=530 ok=1
Cmd: preprocess
  insize=1396 outsize=327 ok=1
Cmd: preprocess
  insize=1179 outsize=300 ok=1
Cmd: preprocess
  insize=2752 outsize=453 ok=1
Cmd: preprocess
  insize=1321 outsize=295 ok=1
Cmd: preprocess
  insize=1049 outsize=303 ok=1
Cmd: preprocess
  insize=1387 outsize=323 ok=1
Cmd: preprocess
  insize=1525 outsize=369 ok=1
Cmd: preprocess
  insize=1606 outsize=222 ok=1
Cmd: preprocess
  insize=1584 outsize=377 ok=1
Cmd: preprocess
  insize=6613 outsize=3622 ok=1
Cmd: preprocess
  insize=1398 outsize=328 ok=1
Cmd: preprocess
  insize=2753 outsize=457 ok=1
Cmd: preprocess
  insize=1546 outsize=369 ok=1
Cmd: preprocess
  insize=2048 outsize=378 ok=1
Cmd: preprocess
  insize=3571 outsize=223 ok=1
Cmd: preprocess
  insize=1402 outsize=330 ok=1
Cmd: preprocess
  insize=2756 outsize=457 ok=1
Cmd: preprocess
  insize=1699 outsize=475 ok=1
Cmd: preprocess
  insize=11915 outsize=996 ok=1
Cmd: preprocess
  insize=1394 outsize=324 ok=1
Cmd: preprocess
  insize=2702 outsize=1786 ok=1
Cmd: preprocess
  insize=5713 outsize=682 ok=1
Cmd: preprocess
  insize=2639 outsize=587 ok=1
Cmd: preprocess
  insize=1592 outsize=421 ok=1
Cmd: preprocess
  insize=1996 outsize=449 ok=1
Cmd: preprocess
  insize=5908 outsize=1251 ok=1
Cmd: preprocess
  insize=1468 outsize=299 ok=1
Cmd: preprocess
  insize=1511 outsize=363 ok=1
Cmd: preprocess
  insize=1544 outsize=378 ok=1
Cmd: preprocess
  insize=7823 outsize=5796 ok=1
Cmd: preprocess
  insize=2613 outsize=943 ok=1
Cmd: preprocess
  insize=1766 outsize=430 ok=1
Cmd: preprocess
  insize=1368 outsize=303 ok=1
Cmd: preprocess
  insize=1543 outsize=376 ok=1
Cmd: preprocess
  insize=1121 outsize=390 ok=1
Cmd: preprocess
  insize=1416 outsize=334 ok=1
Cmd: preprocess
  insize=1878 outsize=905 ok=1
Cmd: preprocess
  insize=1392 outsize=323 ok=1
Cmd: preprocess
  insize=1385 outsize=305 ok=1
Cmd: preprocess
  insize=2566 outsize=548 ok=1
Cmd: preprocess
  insize=435 outsize=435 ok=1
Cmd: preprocess
  insize=1778 outsize=453 ok=1
Cmd: preprocess
  insize=1893 outsize=464 ok=1
Cmd: preprocess
  insize=1512 outsize=358 ok=1
Cmd: preprocess
  insize=1504 outsize=327 ok=1
Cmd: preprocess
  insize=1540 outsize=371 ok=1
Cmd: preprocess
  insize=3070 outsize=1373 ok=1
Cmd: preprocess
  insize=1791 outsize=328 ok=1
Cmd: preprocess
  insize=3632 outsize=364 ok=1
Cmd: preprocess
  insize=2761 outsize=460 ok=1
Cmd: preprocess
  insize=24974 outsize=5147 ok=1
Cmd: compileComputeKernel
  api=4 insize=1452 outsize=1461 ok=1
Cmd: preprocess
  insize=1538 outsize=370 ok=1
Cmd: preprocess
  insize=1557 outsize=561 ok=1
Cmd: preprocess
  insize=4004 outsize=2324 ok=1
Cmd: preprocess
  insize=1031 outsize=239 ok=1
Cmd: compileComputeKernel
  api=4 insize=1633 outsize=1013 ok=1
Cmd: preprocess
  insize=12577 outsize=5362 ok=1
Cmd: preprocess
  insize=1503 outsize=894 ok=1
Cmd: preprocess
  insize=1522 outsize=362 ok=1
Cmd: preprocess
  insize=1394 outsize=324 ok=1
Cmd: preprocess
  insize=6033 outsize=3624 ok=1
Cmd: preprocess
  insize=1652 outsize=406 ok=1
Cmd: preprocess
  insize=1696 outsize=296 ok=1
Cmd: preprocess
  insize=1558 outsize=939 ok=1
Cmd: preprocess
  insize=1377 outsize=542 ok=1
Cmd: preprocess
  insize=1547 outsize=379 ok=1
Cmd: preprocess
  insize=1542 outsize=375 ok=1
Cmd: preprocess
  insize=1380 outsize=303 ok=1
Cmd: preprocess
  insize=2054 outsize=456 ok=1
Cmd: preprocess
  insize=1324 outsize=537 ok=1
Cmd: preprocess
  insize=1081 outsize=295 ok=1
Cmd: preprocess
  insize=2199 outsize=546 ok=1
Cmd: preprocess
  insize=1639 outsize=395 ok=1
Cmd: preprocess
  insize=1508 outsize=359 ok=1
Cmd: preprocess
  insize=1396 outsize=324 ok=1
Cmd: preprocess
  insize=1741 outsize=456 ok=1
Cmd: preprocess
  insize=3924 outsize=374 ok=1
Cmd: preprocess
  insize=2609 outsize=220 ok=1
Cmd: preprocess
  insize=1751 outsize=981 ok=1
Cmd: preprocess
  insize=1979 outsize=735 ok=1
Cmd: preprocess
  insize=1554 outsize=377 ok=1
Cmd: preprocess
  insize=1332 outsize=294 ok=1
Cmd: preprocess
  insize=1803 outsize=459 ok=1
Cmd: preprocess
  insize=1344 outsize=291 ok=1
Cmd: preprocess
  insize=1513 outsize=365 ok=1
Cmd: preprocess
  insize=1329 outsize=309 ok=1
Cmd: compileSnippet
  api=4 type=0 insize=1424 outsize=2026 kw=DIRLIGHTMAP_COMBINED DYNAMICLIGHTMAP_ON _EMISSION UNITY_HDR_ON pd=UNITY_ENABLE_REFLECTION_BUFFERS UNITY_USE_DITHER_MASK_FOR_ALPHABLENDED_SHADOWS UNITY_PBS_USE_BRDF1 UNITY_SPECCUBE_BOX_PROJECTION UNITY_SPECCUBE_BLENDING UNITY_ENABLE_DETAIL_NORMALMAP SHADER_API_DESKTOP UNITY_COLORSPACE_GAMMA UNITY_LIGHT_PROBE_PROXY_VOLUME UNITY_LIGHTMAP_RGBM_ENCODING ok=1
Cmd: compileSnippet
  api=4 type=1 insize=1424 outsize=1730 kw=DIRLIGHTMAP_COMBINED DYNAMICLIGHTMAP_ON _EMISSION UNITY_HDR_ON pd=UNITY_ENABLE_REFLECTION_BUFFERS UNITY_USE_DITHER_MASK_FOR_ALPHABLENDED_SHADOWS UNITY_PBS_USE_BRDF1 UNITY_SPECCUBE_BOX_PROJECTION UNITY_SPECCUBE_BLENDING UNITY_ENABLE_DETAIL_NORMALMAP SHADER_API_DESKTOP UNITY_COLORSPACE_GAMMA UNITY_LIGHT_PROBE_PROXY_VOLUME UNITY_LIGHTMAP_RGBM_ENCODING ok=1
Cmd: preprocess
  insize=15007 outsize=7286 ok=1
Cmd: compileSnippet
  api=4 type=0 insize=4357 outsize=1494 kw=DIRECTIONAL pd=UNITY_ENABLE_REFLECTION_BUFFERS UNITY_USE_DITHER_MASK_FOR_ALPHABLENDED_SHADOWS UNITY_PBS_USE_BRDF1 UNITY_SPECCUBE_BOX_PROJECTION UNITY_SPECCUBE_BLENDING UNITY_ENABLE_DETAIL_NORMALMAP SHADER_API_DESKTOP UNITY_COLORSPACE_GAMMA UNITY_LIGHT_PROBE_PROXY_VOLUME UNITY_LIGHTMAP_RGBM_ENCODING ok=1
Cmd: compileSnippet
  api=4 type=1 insize=4357 outsize=1814 kw=DIRECTIONAL pd=UNITY_ENABLE_REFLECTION_BUFFERS UNITY_USE_DITHER_MASK_FOR_ALPHABLENDED_SHADOWS UNITY_PBS_USE_BRDF1 UNITY_SPECCUBE_BOX_PROJECTION UNITY_SPECCUBE_BLENDING UNITY_ENABLE_DETAIL_NORMALMAP SHADER_API_DESKTOP UNITY_COLORSPACE_GAMMA UNITY_LIGHT_PROBE_PROXY_VOLUME UNITY_LIGHTMAP_RGBM_ENCODING ok=1
Cmd: compileSnippet
  api=4 type=0 insize=4357 outsize=1494 kw=DIRECTIONAL LIGHTPROBE_SH pd=UNITY_ENABLE_REFLECTION_BUFFERS UNITY_USE_DITHER_MASK_FOR_ALPHABLENDED_SHADOWS UNITY_PBS_USE_BRDF1 UNITY_SPECCUBE_BOX_PROJECTION UNITY_SPECCUBE_BLENDING UNITY_ENABLE_DETAIL_NORMALMAP SHADER_API_DESKTOP UNITY_COLORSPACE_GAMMA UNITY_LIGHT_PROBE_PROXY_VOLUME UNITY_LIGHTMAP_RGBM_ENCODING ok=1
Cmd: compileSnippet
  api=4 type=1 insize=4357 outsize=1814 kw=DIRECTIONAL LIGHTPROBE_SH pd=UNITY_ENABLE_REFLECTION_BUFFERS UNITY_USE_DITHER_MASK_FOR_ALPHABLENDED_SHADOWS UNITY_PBS_USE_BRDF1 UNITY_SPECCUBE_BOX_PROJECTION UNITY_SPECCUBE_BLENDING UNITY_ENABLE_DETAIL_NORMALMAP SHADER_API_DESKTOP UNITY_COLORSPACE_GAMMA UNITY_LIGHT_PROBE_PROXY_VOLUME UNITY_LIGHTMAP_RGBM_ENCODING ok=1
Cmd: preprocess
  insize=14382 outsize=7176 ok=1
Cmd: preprocess
  insize=15045 outsize=7288 ok=1
Cmd: compileSnippet
  api=4 type=0 insize=4393 outsize=1494 kw=DIRECTIONAL pd=UNITY_ENABLE_REFLECTION_BUFFERS UNITY_USE_DITHER_MASK_FOR_ALPHABLENDED_SHADOWS UNITY_PBS_USE_BRDF1 UNITY_SPECCUBE_BOX_PROJECTION UNITY_SPECCUBE_BLENDING UNITY_ENABLE_DETAIL_NORMALMAP SHADER_API_DESKTOP UNITY_COLORSPACE_GAMMA UNITY_LIGHT_PROBE_PROXY_VOLUME UNITY_LIGHTMAP_RGBM_ENCODING ok=1
Cmd: compileSnippet
  api=4 type=1 insize=4393 outsize=1814 kw=DIRECTIONAL pd=UNITY_ENABLE_REFLECTION_BUFFERS UNITY_USE_DITHER_MASK_FOR_ALPHABLENDED_SHADOWS UNITY_PBS_USE_BRDF1 UNITY_SPECCUBE_BOX_PROJECTION UNITY_SPECCUBE_BLENDING UNITY_ENABLE_DETAIL_NORMALMAP SHADER_API_DESKTOP UNITY_COLORSPACE_GAMMA UNITY_LIGHT_PROBE_PROXY_VOLUME UNITY_LIGHTMAP_RGBM_ENCODING ok=1
Cmd: compileSnippet
  api=4 type=0 insize=4393 outsize=1494 kw=DIRECTIONAL LIGHTPROBE_SH pd=UNITY_ENABLE_REFLECTION_BUFFERS UNITY_USE_DITHER_MASK_FOR_ALPHABLENDED_SHADOWS UNITY_PBS_USE_BRDF1 UNITY_SPECCUBE_BOX_PROJECTION UNITY_SPECCUBE_BLENDING UNITY_ENABLE_DETAIL_NORMALMAP SHADER_API_DESKTOP UNITY_COLORSPACE_GAMMA UNITY_LIGHT_PROBE_PROXY_VOLUME UNITY_LIGHTMAP_RGBM_ENCODING ok=1
Cmd: compileSnippet
  api=4 type=1 insize=4393 outsize=1814 kw=DIRECTIONAL LIGHTPROBE_SH pd=UNITY_ENABLE_REFLECTION_BUFFERS UNITY_USE_DITHER_MASK_FOR_ALPHABLENDED_SHADOWS UNITY_PBS_USE_BRDF1 UNITY_SPECCUBE_BOX_PROJECTION UNITY_SPECCUBE_BLENDING UNITY_ENABLE_DETAIL_NORMALMAP SHADER_API_DESKTOP UNITY_COLORSPACE_GAMMA UNITY_LIGHT_PROBE_PROXY_VOLUME UNITY_LIGHTMAP_RGBM_ENCODING ok=1
Cmd: preprocess
  insize=14953 outsize=7195 ok=1
Cmd: compileSnippet
  api=4 type=0 insize=4393 outsize=1494 kw=DIRECTIONAL pd=UNITY_ENABLE_REFLECTION_BUFFERS UNITY_USE_DITHER_MASK_FOR_ALPHABLENDED_SHADOWS UNITY_PBS_USE_BRDF1 UNITY_SPECCUBE_BOX_PROJECTION UNITY_SPECCUBE_BLENDING UNITY_ENABLE_DETAIL_NORMALMAP SHADER_API_DESKTOP UNITY_COLORSPACE_GAMMA UNITY_LIGHT_PROBE_PROXY_VOLUME UNITY_LIGHTMAP_RGBM_ENCODING ok=1
Cmd: compileSnippet
  api=4 type=1 insize=4393 outsize=1814 kw=DIRECTIONAL pd=UNITY_ENABLE_REFLECTION_BUFFERS UNITY_USE_DITHER_MASK_FOR_ALPHABLENDED_SHADOWS UNITY_PBS_USE_BRDF1 UNITY_SPECCUBE_BOX_PROJECTION UNITY_SPECCUBE_BLENDING UNITY_ENABLE_DETAIL_NORMALMAP SHADER_API_DESKTOP UNITY_COLORSPACE_GAMMA UNITY_LIGHT_PROBE_PROXY_VOLUME UNITY_LIGHTMAP_RGBM_ENCODING ok=1
Cmd: compileSnippet
  api=4 type=0 insize=4393 outsize=1494 kw=DIRECTIONAL LIGHTPROBE_SH pd=UNITY_ENABLE_REFLECTION_BUFFERS UNITY_USE_DITHER_MASK_FOR_ALPHABLENDED_SHADOWS UNITY_PBS_USE_BRDF1 UNITY_SPECCUBE_BOX_PROJECTION UNITY_SPECCUBE_BLENDING UNITY_ENABLE_DETAIL_NORMALMAP SHADER_API_DESKTOP UNITY_COLORSPACE_GAMMA UNITY_LIGHT_PROBE_PROXY_VOLUME UNITY_LIGHTMAP_RGBM_ENCODING ok=1
Cmd: compileSnippet
  api=4 type=1 insize=4393 outsize=1814 kw=DIRECTIONAL LIGHTPROBE_SH pd=UNITY_ENABLE_REFLECTION_BUFFERS UNITY_USE_DITHER_MASK_FOR_ALPHABLENDED_SHADOWS UNITY_PBS_USE_BRDF1 UNITY_SPECCUBE_BOX_PROJECTION UNITY_SPECCUBE_BLENDING UNITY_ENABLE_DETAIL_NORMALMAP SHADER_API_DESKTOP UNITY_COLORSPACE_GAMMA UNITY_LIGHT_PROBE_PROXY_VOLUME UNITY_LIGHTMAP_RGBM_ENCODING ok=1
Cmd: preprocess
  insize=13469 outsize=6263 ok=1
Cmd: preprocess
  insize=13855 outsize=6551 ok=1
Cmd: compileSnippet
  api=4 type=0 insize=3995 outsize=1494 kw=DIRECTIONAL pd=UNITY_ENABLE_REFLECTION_BUFFERS UNITY_USE_DITHER_MASK_FOR_ALPHABLENDED_SHADOWS UNITY_PBS_USE_BRDF1 UNITY_SPECCUBE_BOX_PROJECTION UNITY_SPECCUBE_BLENDING UNITY_ENABLE_DETAIL_NORMALMAP SHADER_API_DESKTOP UNITY_COLORSPACE_GAMMA UNITY_LIGHT_PROBE_PROXY_VOLUME UNITY_LIGHTMAP_RGBM_ENCODING ok=1
Cmd: compileSnippet
  api=4 type=1 insize=3995 outsize=1646 kw=DIRECTIONAL pd=UNITY_ENABLE_REFLECTION_BUFFERS UNITY_USE_DITHER_MASK_FOR_ALPHABLENDED_SHADOWS UNITY_PBS_USE_BRDF1 UNITY_SPECCUBE_BOX_PROJECTION UNITY_SPECCUBE_BLENDING UNITY_ENABLE_DETAIL_NORMALMAP SHADER_API_DESKTOP UNITY_COLORSPACE_GAMMA UNITY_LIGHT_PROBE_PROXY_VOLUME UNITY_LIGHTMAP_RGBM_ENCODING ok=1
Cmd: compileSnippet
  api=4 type=0 insize=4071 outsize=1718 kw=POINT pd=UNITY_ENABLE_REFLECTION_BUFFERS UNITY_USE_DITHER_MASK_FOR_ALPHABLENDED_SHADOWS UNITY_PBS_USE_BRDF1 UNITY_SPECCUBE_BOX_PROJECTION UNITY_SPECCUBE_BLENDING UNITY_ENABLE_DETAIL_NORMALMAP SHADER_API_DESKTOP UNITY_COLORSPACE_GAMMA UNITY_LIGHT_PROBE_PROXY_VOLUME UNITY_LIGHTMAP_RGBM_ENCODING ok=1
Cmd: compileSnippet
  api=4 type=1 insize=4071 outsize=1838 kw=POINT pd=UNITY_ENABLE_REFLECTION_BUFFERS UNITY_USE_DITHER_MASK_FOR_ALPHABLENDED_SHADOWS UNITY_PBS_USE_BRDF1 UNITY_SPECCUBE_BOX_PROJECTION UNITY_SPECCUBE_BLENDING UNITY_ENABLE_DETAIL_NORMALMAP SHADER_API_DESKTOP UNITY_COLORSPACE_GAMMA UNITY_LIGHT_PROBE_PROXY_VOLUME UNITY_LIGHTMAP_RGBM_ENCODING ok=1
Cmd: compileSnippet
  api=4 type=0 insize=3995 outsize=1494 kw=DIRECTIONAL LIGHTPROBE_SH pd=UNITY_ENABLE_REFLECTION_BUFFERS UNITY_USE_DITHER_MASK_FOR_ALPHABLENDED_SHADOWS UNITY_PBS_USE_BRDF1 UNITY_SPECCUBE_BOX_PROJECTION UNITY_SPECCUBE_BLENDING UNITY_ENABLE_DETAIL_NORMALMAP SHADER_API_DESKTOP UNITY_COLORSPACE_GAMMA UNITY_LIGHT_PROBE_PROXY_VOLUME UNITY_LIGHTMAP_RGBM_ENCODING ok=1
Cmd: compileSnippet
  api=4 type=1 insize=3995 outsize=1646 kw=DIRECTIONAL LIGHTPROBE_SH pd=UNITY_ENABLE_REFLECTION_BUFFERS UNITY_USE_DITHER_MASK_FOR_ALPHABLENDED_SHADOWS UNITY_PBS_USE_BRDF1 UNITY_SPECCUBE_BOX_PROJECTION UNITY_SPECCUBE_BLENDING UNITY_ENABLE_DETAIL_NORMALMAP SHADER_API_DESKTOP UNITY_COLORSPACE_GAMMA UNITY_LIGHT_PROBE_PROXY_VOLUME UNITY_LIGHTMAP_RGBM_ENCODING ok=1
Cmd: compileSnippet
  api=4 type=0 insize=4071 outsize=1494 kw=DIRECTIONAL pd=UNITY_ENABLE_REFLECTION_BUFFERS UNITY_USE_DITHER_MASK_FOR_ALPHABLENDED_SHADOWS UNITY_PBS_USE_BRDF1 UNITY_SPECCUBE_BOX_PROJECTION UNITY_SPECCUBE_BLENDING UNITY_ENABLE_DETAIL_NORMALMAP SHADER_API_DESKTOP UNITY_COLORSPACE_GAMMA UNITY_LIGHT_PROBE_PROXY_VOLUME UNITY_LIGHTMAP_RGBM_ENCODING ok=1
Cmd: compileSnippet
  api=4 type=1 insize=4071 outsize=1682 kw=DIRECTIONAL pd=UNITY_ENABLE_REFLECTION_BUFFERS UNITY_USE_DITHER_MASK_FOR_ALPHABLENDED_SHADOWS UNITY_PBS_USE_BRDF1 UNITY_SPECCUBE_BOX_PROJECTION UNITY_SPECCUBE_BLENDING UNITY_ENABLE_DETAIL_NORMALMAP SHADER_API_DESKTOP UNITY_COLORSPACE_GAMMA UNITY_LIGHT_PROBE_PROXY_VOLUME UNITY_LIGHTMAP_RGBM_ENCODING ok=1
Cmd: preprocess
  insize=13869 outsize=6565 ok=1
